  Building Custom Rule C:/Users/Tin/dlib-19.24/source/dlib/CMakeLists.txt
  base64_kernel_1.cpp
  bigint_kernel_1.cpp
  bigint_kernel_2.cpp
  bit_stream_kernel_1.cpp
  entropy_decoder_kernel_1.cpp
  entropy_decoder_kernel_2.cpp
  entropy_encoder_kernel_1.cpp
  entropy_encoder_kernel_2.cpp
  md5_kernel_1.cpp
  tokenizer_kernel_1.cpp
  unicode.cpp
  test_for_odr_violations.cpp
  sockets_kernel_1.cpp
  bsp.cpp
  dir_nav_kernel_1.cpp
  dir_nav_kernel_2.cpp
  dir_nav_extensions.cpp
  fonts.cpp
  linker_kernel_1.cpp
  extra_logger_headers.cpp
  logger_kernel_1.cpp
  logger_config_file.cpp
  misc_api_kernel_1.cpp
  misc_api_kernel_2.cpp
  sockets_extensions.cpp
  sockets_kernel_2.cpp
  sockstreambuf.cpp
  sockstreambuf_unbuffered.cpp
  server_kernel.cpp
  server_iostream.cpp
  server_http.cpp
  multithreaded_object_extension.cpp
  threaded_object_extension.cpp
  threads_kernel_1.cpp
  threads_kernel_2.cpp
  threads_kernel_shared.cpp
  thread_pool_extension.cpp
  async.cpp
  timer.cpp
  stack_trace.cpp
  cpu_dlib.cpp
  tensor_tools.cpp
  image_dataset_metadata.cpp
  mnist.cpp
  cifar.cpp
  global_function_search.cpp
  kalman_filter.cpp
  auto.cpp
  widgets.cpp
  drawable.cpp
  canvas_drawing.cpp
  style.cpp
  base_widgets.cpp
  gui_core_kernel_1.cpp
  gui_core_kernel_2.cpp
  png_loader.cpp
  save_png.cpp
  jpeg_loader.cpp
  save_jpeg.cpp
  arm_init.c
  filter_neon_intrinsics.c
  png.c
  pngerror.c
  pngget.c
  pngmem.c
  pngpread.c
  pngread.c
  pngrio.c
  pngrtran.c
  pngrutil.c
  pngset.c
  pngtrans.c
  pngwio.c
  pngwrite.c
  pngwtran.c
  pngwutil.c
  adler32.c
  compress.c
  crc32.c
  deflate.c
  gzclose.c
  gzlib.c
  gzread.c
  gzwrite.c
  infback.c
  inffast.c
C:\Users\Tin\dlib-19.24\source\dlib\external\zlib\gzwrite.c(212,24): warning C4267: '=': conversion from 'size_t' to 'unsigned int', possible loss of data
C:\Users\Tin\dlib-19.24\source\dlib\external\zlib\gzwrite.c(232,21): warning C4267: '=': conversion from 'size_t' to 'unsigned int', possible loss of data
C:\Users\Tin\dlib-19.24\source\dlib\external\zlib\gzread.c(319,17): warning C4267: '=': conversion from 'size_t' to 'unsigned int', possible loss of data
C:\Users\Tin\dlib-19.24\source\dlib\external\zlib\gzwrite.c(371,11): warning C4267: '=': conversion from 'size_t' to 'int', possible loss of data
C:\Users\Tin\dlib-19.24\source\dlib\external\zlib\gzread.c(400,11): warning C4267: '=': conversion from 'size_t' to 'unsigned int', possible loss of data
C:\Users\Tin\dlib-19.24\source\dlib\external\zlib\gzread.c(472,11): warning C4267: '=': conversion from 'size_t' to 'int', possible loss of data
  inflate.c
  inftrees.c
  trees.c
  uncompr.c
  zutil.c
  jaricom.c
  jcapimin.c
  jcapistd.c
  jcarith.c
  jccoefct.c
  jccolor.c
  jcdctmgr.c
  jchuff.c
  jcinit.c
  jcmainct.c
  jcmarker.c
  jcmaster.c
  jcomapi.c
  jcparam.c
  jcprepct.c
  jcsample.c
  jdapimin.c
  jdapistd.c
  jdarith.c
  jdatadst.c
  jdatasrc.c
  jdcoefct.c
C:\Users\Tin\dlib-19.24\source\dlib\external\libjpeg\jdatadst.c(185,34): warning C4267: '=': conversion from 'size_t' to 'unsigned long', possible loss of data
  jdcolor.c
  jddctmgr.c
  jdhuff.c
  jdinput.c
  jdmainct.c
  jdmarker.c
  jdmaster.c
  jdmerge.c
  jdpostct.c
  jdsample.c
  jerror.c
  jfdctflt.c
  jfdctfst.c
  jfdctint.c
C:\Users\Tin\dlib-19.24\source\dlib\external\libjpeg\jerror.c(193,5): warning C4996: 'sprintf': This function or variable may be unsafe. Consider using sprintf_s instead. To disable deprecation, use _CRT_SECURE_NO_WARNINGS. See online help for details.
C:\Users\Tin\dlib-19.24\source\dlib\external\libjpeg\jerror.c(195,5): warning C4996: 'sprintf': This function or variable may be unsafe. Consider using sprintf_s instead. To disable deprecation, use _CRT_SECURE_NO_WARNINGS. See online help for details.
  jidctflt.c
  jidctfst.c
  jidctint.c
  jmemmgr.c
  jmemnobs.c
  jquant1.c
C:\Users\Tin\dlib-19.24\source\dlib\external\libjpeg\jmemmgr.c(307,47): warning C4267: '+=': conversion from 'size_t' to 'long', possible loss of data
C:\Users\Tin\dlib-19.24\source\dlib\external\libjpeg\jmemmgr.c(367,46): warning C4267: '+=': conversion from 'size_t' to 'long', possible loss of data
C:\Users\Tin\dlib-19.24\source\dlib\external\libjpeg\jmemmgr.c(977,35): warning C4267: '-=': conversion from 'size_t' to 'long', possible loss of data
C:\Users\Tin\dlib-19.24\source\dlib\external\libjpeg\jmemmgr.c(991,35): warning C4267: '-=': conversion from 'size_t' to 'long', possible loss of data
C:\Users\Tin\dlib-19.24\source\dlib\external\libjpeg\jmemmgr.c(1107,19): warning C4996: 'getenv': This function or variable may be unsafe. Consider using _dupenv_s instead. To disable deprecation, use _CRT_SECURE_NO_WARNINGS. See online help for details.
C:\Users\Tin\dlib-19.24\source\dlib\external\libjpeg\jmemmgr.c(1110,11): warning C4996: 'sscanf': This function or variable may be unsafe. Consider using sscanf_s instead. To disable deprecation, use _CRT_SECURE_NO_WARNINGS. See online help for details.
  jquant2.c
  jutils.c
  dlib.vcxproj -> C:\Users\Tin\dlib-19.24\build\dlib\Release\dlib19.24.0_release_64bit_msvc1937.lib
